0 info it worked if it ends with ok
1 verbose cli [ '/usr/local/bin/node',
1 verbose cli   '/usr/local/bin/npm',
1 verbose cli   'install',
1 verbose cli   'express-generator',
1 verbose cli   '-g' ]
2 info using npm@2.14.12
3 info using node@v4.3.1
4 verbose install initial load of /usr/local/lib/package.json
5 verbose readDependencies loading dependencies from /usr/local/lib/package.json
6 silly cache add args [ 'express-generator', null ]
7 verbose cache add spec express-generator
8 silly cache add parsed spec Result {
8 silly cache add   raw: 'express-generator',
8 silly cache add   scope: null,
8 silly cache add   name: 'express-generator',
8 silly cache add   rawSpec: '',
8 silly cache add   spec: 'latest',
8 silly cache add   type: 'tag' }
9 silly addNamed express-generator@latest
10 verbose addNamed "latest" is being treated as a dist-tag for express-generator
11 info addNameTag [ 'express-generator', 'latest' ]
12 silly mapToRegistry name express-generator
13 silly mapToRegistry using default registry
14 silly mapToRegistry registry https://registry.npmjs.org/
15 silly mapToRegistry uri https://registry.npmjs.org/express-generator
16 verbose addNameTag registry:https://registry.npmjs.org/express-generator not in flight; fetching
17 verbose request uri https://registry.npmjs.org/express-generator
18 verbose request no auth needed
19 info attempt registry request try #1 at 09:44:33
20 verbose request id 845b80fa549a92ab
21 http request GET https://registry.npmjs.org/express-generator
22 http 200 https://registry.npmjs.org/express-generator
23 verbose headers { server: 'CouchDB/1.5.0 (Erlang OTP/R16B03)',
23 verbose headers   etag: '"8N3IAGLAUE0B1HM8UJJBJT8C2"',
23 verbose headers   'content-type': 'application/json',
23 verbose headers   'content-encoding': 'gzip',
23 verbose headers   'cache-control': 'max-age=300',
23 verbose headers   'content-length': '4339',
23 verbose headers   'accept-ranges': 'bytes',
23 verbose headers   date: 'Thu, 28 Apr 2016 01:44:33 GMT',
23 verbose headers   via: '1.1 varnish',
23 verbose headers   age: '141',
23 verbose headers   connection: 'keep-alive',
23 verbose headers   'x-served-by': 'cache-sjc3124-SJC',
23 verbose headers   'x-cache': 'HIT',
23 verbose headers   'x-cache-hits': '1',
23 verbose headers   'x-timer': 'S1461807873.841139,VS0,VE0',
23 verbose headers   vary: 'Accept-Encoding' }
24 silly get cb [ 200,
24 silly get   { server: 'CouchDB/1.5.0 (Erlang OTP/R16B03)',
24 silly get     etag: '"8N3IAGLAUE0B1HM8UJJBJT8C2"',
24 silly get     'content-type': 'application/json',
24 silly get     'content-encoding': 'gzip',
24 silly get     'cache-control': 'max-age=300',
24 silly get     'content-length': '4339',
24 silly get     'accept-ranges': 'bytes',
24 silly get     date: 'Thu, 28 Apr 2016 01:44:33 GMT',
24 silly get     via: '1.1 varnish',
24 silly get     age: '141',
24 silly get     connection: 'keep-alive',
24 silly get     'x-served-by': 'cache-sjc3124-SJC',
24 silly get     'x-cache': 'HIT',
24 silly get     'x-cache-hits': '1',
24 silly get     'x-timer': 'S1461807873.841139,VS0,VE0',
24 silly get     vary: 'Accept-Encoding' } ]
25 verbose get saving express-generator to /Users/apple/.npm/registry.npmjs.org/express-generator/.cache.json
26 verbose makeDirectory /Users/apple/.npm creation not in flight; initializing
27 silly makeDirectory /Users/apple/.npm uid: 501 gid: 20
28 silly addNameTag next cb for express-generator with tag latest
29 silly addNamed express-generator@4.13.1
30 verbose addNamed "4.13.1" is a plain semver version for express-generator
31 silly mapToRegistry name express-generator
32 silly mapToRegistry using default registry
33 silly mapToRegistry registry https://registry.npmjs.org/
34 silly mapToRegistry uri https://registry.npmjs.org/express-generator
35 verbose addRemoteTarball https://registry.npmjs.org/express-generator/-/express-generator-4.13.1.tgz not in flight; adding
36 verbose addRemoteTarball [ 'https://registry.npmjs.org/express-generator/-/express-generator-4.13.1.tgz',
36 verbose addRemoteTarball   '58351b31f0c7da770c2872bf2a50b9e9359f9968' ]
37 info retry fetch attempt 1 at 09:44:33
38 info attempt registry request try #1 at 09:44:33
39 http fetch GET https://registry.npmjs.org/express-generator/-/express-generator-4.13.1.tgz
40 http fetch 200 https://registry.npmjs.org/express-generator/-/express-generator-4.13.1.tgz
41 silly fetchAndShaCheck shasum 58351b31f0c7da770c2872bf2a50b9e9359f9968
42 verbose addTmpTarball /var/folders/q5/qdy8x6q90q1ggmy9mr22_x000000gn/T/npm-2273-d7ecfaa4/registry.npmjs.org/express-generator/-/express-generator-4.13.1.tgz not in flight; adding
43 verbose addTmpTarball already have metadata; skipping unpack for express-generator@4.13.1
44 silly cache afterAdd express-generator@4.13.1
45 verbose afterAdd /Users/apple/.npm/express-generator/4.13.1/package/package.json not in flight; writing
46 verbose afterAdd /Users/apple/.npm/express-generator/4.13.1/package/package.json written
47 silly install resolved [ { name: 'express-generator',
47 silly install resolved     description: 'Express\' application generator',
47 silly install resolved     version: '4.13.1',
47 silly install resolved     author: { name: 'TJ Holowaychuk', email: 'tj@vision-media.ca' },
47 silly install resolved     contributors: [ [Object], [Object], [Object], [Object], [Object], [Object] ],
47 silly install resolved     keywords:
47 silly install resolved      [ 'express',
47 silly install resolved        'framework',
47 silly install resolved        'sinatra',
47 silly install resolved        'web',
47 silly install resolved        'rest',
47 silly install resolved        'restful',
47 silly install resolved        'router',
47 silly install resolved        'app',
47 silly install resolved        'api' ],
47 silly install resolved     repository: { type: 'git', url: 'https://github.com/expressjs/generator' },
47 silly install resolved     license: 'MIT',
47 silly install resolved     dependencies: { commander: '2.7.1', mkdirp: '0.5.1', 'sorted-object': '1.0.0' },
47 silly install resolved     main: 'bin/express',
47 silly install resolved     preferGlobal: true,
47 silly install resolved     bin: { express: './bin/express' },
47 silly install resolved     devDependencies: { mocha: '2.2.5', rimraf: '~2.2.8', supertest: '1.0.1' },
47 silly install resolved     engines: { node: '>= 0.10' },
47 silly install resolved     files: [ 'LICENSE', 'bin/', 'templates/' ],
47 silly install resolved     scripts:
47 silly install resolved      { test: 'mocha --reporter spec --bail --check-leaks test/',
47 silly install resolved        'test-ci': 'mocha --reporter spec --check-leaks test/' },
47 silly install resolved     gitHead: '4936300029c48655cadca63d063560f67f28c79e',
47 silly install resolved     bugs: { url: 'https://github.com/expressjs/generator/issues' },
47 silly install resolved     homepage: 'https://github.com/expressjs/generator',
47 silly install resolved     _id: 'express-generator@4.13.1',
47 silly install resolved     _shasum: '58351b31f0c7da770c2872bf2a50b9e9359f9968',
47 silly install resolved     _from: 'express-generator@latest',
47 silly install resolved     _npmVersion: '1.4.28',
47 silly install resolved     _npmUser: { name: 'dougwilson', email: 'doug@somethingdoug.com' },
47 silly install resolved     maintainers: [ [Object], [Object], [Object], [Object], [Object], [Object] ],
47 silly install resolved     dist:
47 silly install resolved      { shasum: '58351b31f0c7da770c2872bf2a50b9e9359f9968',
47 silly install resolved        tarball: 'https://registry.npmjs.org/express-generator/-/express-generator-4.13.1.tgz' },
47 silly install resolved     directories: {},
47 silly install resolved     _resolved: 'https://registry.npmjs.org/express-generator/-/express-generator-4.13.1.tgz' } ]
48 info install express-generator@4.13.1 into /usr/local/lib
49 info installOne express-generator@4.13.1
50 verbose installOne of express-generator to /usr/local/lib not in flight; installing
51 verbose makeDirectory /Users/apple/.npm/_locks creation not in flight; initializing
52 silly makeDirectory /Users/apple/.npm/_locks uid: 501 gid: 20
53 verbose lock using /Users/apple/.npm/_locks/express-generator-d3cc1706f4adef09.lock for /usr/local/lib/node_modules/express-generator
54 silly install write writing express-generator 4.13.1 to /usr/local/lib/node_modules/express-generator
55 verbose unbuild lib/node_modules/express-generator
56 silly gentlyRm /usr/local/lib/node_modules/express-generator is being purged from base /usr/local
57 verbose gentlyRm don't care about contents; nuking /usr/local/lib/node_modules/express-generator
58 verbose tar unpack /Users/apple/.npm/express-generator/4.13.1/package.tgz
59 verbose tar unpacking to /usr/local/lib/node_modules/express-generator
60 silly gentlyRm /usr/local/lib/node_modules/express-generator is being purged
61 verbose gentlyRm don't care about contents; nuking /usr/local/lib/node_modules/express-generator
62 silly gunzTarPerm modes [ '755', '644' ]
63 error tar.unpack untar error /Users/apple/.npm/express-generator/4.13.1/package.tgz
64 verbose unlock done using /Users/apple/.npm/_locks/express-generator-d3cc1706f4adef09.lock for /usr/local/lib/node_modules/express-generator
65 verbose fstream_path /usr/local/lib/node_modules/express-generator
66 verbose fstream_type Directory
67 verbose fstream_class DirWriter
68 verbose stack Error: EACCES: permission denied, mkdir '/usr/local/lib/node_modules/express-generator'
68 verbose stack     at Error (native)
69 verbose fstream_stack /usr/local/lib/node_modules/npm/node_modules/fstream/lib/dir-writer.js:35:25
69 verbose fstream_stack /usr/local/lib/node_modules/npm/node_modules/mkdirp/index.js:47:53
69 verbose fstream_stack FSReqWrap.oncomplete (fs.js:82:15)
70 verbose cwd /Users/apple/Downloads/dbhw-week7-103306001
71 error Darwin 15.4.0
72 error argv "/usr/local/bin/node" "/usr/local/bin/npm" "install" "express-generator" "-g"
73 error node v4.3.1
74 error npm  v2.14.12
75 error path /usr/local/lib/node_modules/express-generator
76 error code EACCES
77 error errno -13
78 error syscall mkdir
79 error Error: EACCES: permission denied, mkdir '/usr/local/lib/node_modules/express-generator'
79 error     at Error (native)
79 error  { [Error: EACCES: permission denied, mkdir '/usr/local/lib/node_modules/express-generator']
79 error   errno: -13,
79 error   code: 'EACCES',
79 error   syscall: 'mkdir',
79 error   path: '/usr/local/lib/node_modules/express-generator',
79 error   fstream_type: 'Directory',
79 error   fstream_path: '/usr/local/lib/node_modules/express-generator',
79 error   fstream_class: 'DirWriter',
79 error   fstream_stack:
79 error    [ '/usr/local/lib/node_modules/npm/node_modules/fstream/lib/dir-writer.js:35:25',
79 error      '/usr/local/lib/node_modules/npm/node_modules/mkdirp/index.js:47:53',
79 error      'FSReqWrap.oncomplete (fs.js:82:15)' ] }
80 error Please try running this command again as root/Administrator.
81 verbose exit [ -13, true ]
82 verbose unbuild lib/node_modules/express-generator
83 silly gentlyRm /usr/local/lib/node_modules/express-generator is being purged from base /usr/local
84 verbose gentlyRm don't care about contents; nuking /usr/local/lib/node_modules/express-generator
